<?xml version="1.0" encoding="UTF-8"?>
<!-- Generated by org.testng.reporters.JUnitXMLReporter -->
<testsuite ignored="2" hostname="TYSS-Chaithra" failures="0" tests="3" name="TestRunner-Chrome" time="54.162" errors="0" timestamp="2021-12-27T12:15:30 IST">
  <testcase classname="com.crm.autodesk.orgtest.CreateOrgTest" name="createOrgDemoTest" time="0.007"/>
  <testcase classname="com.crm.autodesk.orgtest.CreateOrgTest" name="createOrgTest" time="13.377"/>
  <testcase classname="com.crm.autodesk.contacttest.CreateContactTest" name="createContactTest" time="13.296"/>
  <testcase classname="com.crm.autodesk.genericutiltiy.BaseClass" name="@AfterSuite closeDbConnection" time="0.0">
    <ignored/>
  </testcase> <!-- @AfterSuite closeDbConnection -->
  <testcase classname="com.crm.autodesk.genericutiltiy.BaseClass" name="@BeforeSuite dbConnection" time="0.0">
    <ignored/>
  </testcase> <!-- @BeforeSuite dbConnection -->
</testsuite> <!-- TestRunner-Chrome -->
