<?xml version="1.0" encoding="UTF-8"?>
<!-- Generated by org.testng.reporters.JUnitXMLReporter -->
<testsuite ignored="2" hostname="TYSS-Chaithra" failures="0" tests="2" name="TestRunner-1" time="60.344" errors="0" timestamp="2021-12-27T12:04:17 IST">
  <testcase classname="com.crm.autodesk.contacttest.CreateContactWithOrgTest" name="createContactWithOrgTest" time="26.649"/>
  <testcase classname="com.crm.autodesk.contacttest.CreateContactTest" name="createContactTest" time="13.491"/>
  <testcase classname="com.crm.autodesk.genericutiltiy.BaseClass" name="@AfterSuite closeDbConnection" time="0.0">
    <ignored/>
  </testcase> <!-- @AfterSuite closeDbConnection -->
  <testcase classname="com.crm.autodesk.genericutiltiy.BaseClass" name="@BeforeSuite dbConnection" time="0.0">
    <ignored/>
  </testcase> <!-- @BeforeSuite dbConnection -->
</testsuite> <!-- TestRunner-1 -->
