<?xml version="1.0" encoding="UTF-8"?>
<!-- Generated by org.testng.reporters.JUnitXMLReporter -->
<testsuite ignored="2" hostname="TYSS-Chaithra" failures="0" tests="3" name="TestRunner-2" time="58.378" errors="0" timestamp="2021-12-27T12:04:15 IST">
  <testcase classname="com.crm.autodesk.orgtest.CreateOrgWithIndusries_Type" name="createOrgWithIndustriesTest" time="14.728"/>
  <testcase classname="com.crm.autodesk.orgtest.CreateOrgTest" name="createOrgDemoTest" time="0.001"/>
  <testcase classname="com.crm.autodesk.orgtest.CreateOrgTest" name="createOrgTest" time="14.293"/>
  <testcase classname="com.crm.autodesk.genericutiltiy.BaseClass" name="@AfterSuite closeDbConnection" time="0.0">
    <ignored/>
  </testcase> <!-- @AfterSuite closeDbConnection -->
  <testcase classname="com.crm.autodesk.genericutiltiy.BaseClass" name="@BeforeSuite dbConnection" time="0.0">
    <ignored/>
  </testcase> <!-- @BeforeSuite dbConnection -->
</testsuite> <!-- TestRunner-2 -->
