<?xml version="1.0" encoding="UTF-8"?>
<!-- Generated by org.testng.reporters.JUnitXMLReporter -->
<testsuite ignored="2" hostname="TYSS-Chaithra" failures="0" tests="2" name="TestRunner-Chrome" time="57.829" errors="0" timestamp="2022-01-21T14:44:49 IST">
  <testcase classname="com.crm.autodesk.orgtest.CreateOrgWithIndusries_Type" name="createOrgWithIndustriesTest" time="18.466"/>
  <testcase classname="com.crm.autodesk.orgtest.CreateOrgTest" name="createOrgTest" time="16.527"/>
  <testcase classname="com.crm.autodesk.genericutiltiy.BaseClass" name="@AfterSuite closeDbConnection" time="0.0">
    <ignored/>
  </testcase> <!-- @AfterSuite closeDbConnection -->
  <testcase classname="com.crm.autodesk.genericutiltiy.BaseClass" name="@BeforeSuite dbConnection" time="0.0">
    <ignored/>
  </testcase> <!-- @BeforeSuite dbConnection -->
</testsuite> <!-- TestRunner-Chrome -->
